
──── verify: lockfile sync (npm ci --dry-run) ────

> answerflow-ai@0.1.0 postinstall
> prisma generate

Loaded Prisma config from prisma.config.ts.

Prisma schema loaded from prisma\schema.prisma.

✔ Generated Prisma Client (7.8.0) to .\prisma\generated in 37ms


up to date in 1s
npm warn allow-scripts 2 packages have install scripts not yet covered by allowScripts:
npm warn allow-scripts   esbuild@0.28.0 (install: (install scripts present))
npm warn allow-scripts   sharp@0.34.5 (install: (install scripts present))
npm warn allow-scripts
npm warn allow-scripts Run `npm approve-scripts --allow-scripts-pending` to review, or `npm approve-scripts <pkg>` to allow.
──── lockfile sync (npm ci --dry-run): OK

──── verify: typecheck ────
──── typecheck: OK

──── verify: lint ────
Checked 10 files in 8ms. No fixes applied.
──── lint: OK

──── verify: unit tests ────

 RUN  v4.1.8 C:/dev/agy-software-2

Loaded Prisma config from prisma.config.ts.

Prisma schema loaded from prisma\schema.prisma.
Datasource "db": SQLite database "dev.db" at "file:./prisma/dev.db"

The database is already in sync with the Prisma schema.

[seed] Done — 3 users, 1 project, 10 questions, 2 answers, 3 sources, 15 chunks
Loaded Prisma config from prisma.config.ts.

Prisma schema loaded from prisma\schema.prisma.
Datasource "db": SQLite database "dev.db" at "file:./prisma/dev.db"

The database is already in sync with the Prisma schema.

[seed] Done — 3 users, 1 project, 10 questions, 2 answers, 3 sources, 15 chunks

 Test Files  2 passed (2)
      Tests  18 passed (18)
   Start at  00:29:10
   Duration  2.49s (transform 72ms, setup 108ms, import 185ms, tests 2.37s, environment 485ms)

──── unit tests: OK

──── verify: build ────
▲ Next.js 16.2.9 (Turbopack)

  Creating an optimized production build ...
✓ Compiled successfully in 974ms
  Running TypeScript ...
  Finished TypeScript in 1374ms ...
  Collecting page data using 4 workers ...
  Generating static pages using 4 workers (0/3) ...
✓ Generating static pages using 4 workers (3/3) in 245ms
  Finalizing page optimization ...

Route (app)
┌ ○ /
└ ○ /_not-found


○  (Static)  prerendered as static content

──── build: OK
──── test coverage guard: OK (every src test file is wired into npm test)
──── placeholder check: OK

──── verify: features.json schema + invariants ────
[update-state] valid: 19 features, 1 passing (evidence re-verified).
──── features.json schema + invariants: OK

──── verify: assertion shield ────
[Assertion Shield] Check passed. No deleted assertions detected in test files.
──── assertion shield: OK

──── verify: engine lint (biome) ────
Checked 4 files in 7ms. No fixes applied.
──── engine lint (biome): OK

──── verify: shellcheck (hooks + gate scripts) ────
──── shellcheck (hooks + gate scripts): OK
(actionlint not installed locally — enforced in CI)

──── verify: hook contract tests ────
hook contract tests: 89 passed, 0 failed
──── hook contract tests: OK

VERIFY-COMMIT: 58a0fd8491c45765cee999e052b50edcf3f26426 @ 2026-06-11T07:30:10Z
VERIFY: PASS (exit 0)
